TN:
SF:C:\Users\User\andelaBootcamp\sendit\sendit-api\src/index.js
FNF:0
FNH:0
DA:1,1
DA:2,1
DA:4,1
DA:5,1
DA:6,1
DA:9,1
DA:19,1
DA:20,1
DA:22,1
LF:9
LH:9
BRDA:22,0,0,0
BRDA:22,0,1,1
BRF:2
BRH:1
end_of_record
TN:
SF:C:\Users\User\andelaBootcamp\sendit\sendit-api\src\config/index.js
FNF:0
FNH:0
LF:0
LH:0
BRDA:2,0,0,1
BRDA:2,0,1,1
BRF:2
BRH:2
end_of_record
TN:
SF:C:\Users\User\andelaBootcamp\sendit\sendit-api\src\routes/parcels.js
FN:8,(anonymous_2)
FN:13,(anonymous_3)
FN:17,(anonymous_4)
FN:23,(anonymous_5)
FN:42,(anonymous_6)
FNF:5
FNH:5
FNDA:2,(anonymous_2)
FNDA:1,(anonymous_3)
FNDA:1,(anonymous_4)
FNDA:1,(anonymous_5)
FNDA:1,(anonymous_6)
DA:1,1
DA:2,1
DA:4,1
DA:8,2
DA:13,1
DA:14,1
DA:17,1
DA:18,1
DA:19,1
DA:20,1
DA:23,1
DA:24,1
DA:25,0
DA:26,0
DA:28,1
DA:37,1
DA:38,1
DA:42,1
DA:43,1
DA:44,1
DA:46,1
DA:47,1
DA:48,1
LF:23
LH:21
BRDA:19,0,0,0
BRDA:19,0,1,1
BRDA:24,1,0,0
BRDA:24,1,1,1
BRDA:44,2,0,0
BRDA:44,2,1,1
BRF:6
BRH:3
end_of_record
TN:
SF:C:\Users\User\andelaBootcamp\sendit\sendit-api\src\routes/users.js
FN:6,(anonymous_1)
FN:7,(anonymous_2)
FNF:2
FNH:2
FNDA:1,(anonymous_1)
FNDA:6,(anonymous_2)
DA:1,1
DA:2,1
DA:4,1
DA:6,1
DA:7,6
DA:8,1
DA:10,1
LF:7
LH:7
BRDA:8,0,0,0
BRDA:8,0,1,1
BRF:2
BRH:1
end_of_record
